# JRE version: Java(TM) SE Runtime Environment (17.0.1+12) (build 17.0.1+12-LTS-39)
# Java VM: Java HotSpot(TM) 64-Bit Server VM (17.0.1+12-LTS-39, mixed mode, sharing, tiered, compressed oops, compressed class ptrs, g1 gc, windows-amd64)
GC Precious Log:
 CPUs: 4 total, 4 available
 Memory: 3869M
 Large Page Support: Disabled
 NUMA Support: Disabled
 Compressed Oops: Enabled (32-bit)
 Heap Region Size: 1M
 Heap Min Capacity: 8M
 Heap Initial Capacity: 62M
 Heap Max Capacity: 968M
 Pre-touch: Disabled
 Parallel Workers: 4
 Concurrent Workers: 1
 Concurrent Refinement Workers: 4
 Periodic GC: Disabled
Heap:
 garbage-first heap   total 219136K, used 74451K [0x00000000c3800000, 0x0000000100000000)
  region size 1024K, 4 young (4096K), 1 survivors (1024K)
 Metaspace       used 25771K, committed 26048K, reserved 1073152K
  class space    used 3120K, committed 3264K, reserved 1048576K
GC Heap History (20 events):
Event: 39.029 GC heap before
{Heap before GC invocations=116 (full 0):
 garbage-first heap   total 219136K, used 97960K [0x00000000c3800000, 0x0000000100000000)
  region size 1024K, 2 young (2048K), 1 survivors (1024K)
 Metaspace       used 25681K, committed 25920K, reserved 1073152K
  class space    used 3112K, committed 3200K, reserved 1048576K
}
Event: 39.030 GC heap after
{Heap after GC invocations=117 (full 0):
 garbage-first heap   total 219136K, used 82636K [0x00000000c3800000, 0x0000000100000000)
  region size 1024K, 1 young (1024K), 1 survivors (1024K)
 Metaspace       used 25681K, committed 25920K, reserved 1073152K
  class space    used 3112K, committed 3200K, reserved 1048576K
}
Event: 39.066 GC heap before
{Heap before GC invocations=117 (full 0):
 garbage-first heap   total 219136K, used 97996K [0x00000000c3800000, 0x0000000100000000)
  region size 1024K, 2 young (2048K), 1 survivors (1024K)
 Metaspace       used 25681K, committed 25920K, reserved 1073152K
  class space    used 3112K, committed 3200K, reserved 1048576K
}
Event: 39.067 GC heap after
{Heap after GC invocations=118 (full 0):
 garbage-first heap   total 219136K, used 62127K [0x00000000c3800000, 0x0000000100000000)
  region size 1024K, 1 young (1024K), 1 survivors (1024K)
 Metaspace       used 25681K, committed 25920K, reserved 1073152K
  class space    used 3112K, committed 3200K, reserved 1048576K
}
Event: 39.145 GC heap before
{Heap before GC invocations=118 (full 0):
 garbage-first heap   total 219136K, used 97967K [0x00000000c3800000, 0x0000000100000000)
  region size 1024K, 2 young (2048K), 1 survivors (1024K)
 Metaspace       used 25681K, committed 25920K, reserved 1073152K
  class space    used 3112K, committed 3200K, reserved 1048576K
}
Event: 39.146 GC heap after
{Heap after GC invocations=119 (full 0):
 garbage-first heap   total 219136K, used 82644K [0x00000000c3800000, 0x0000000100000000)
  region size 1024K, 1 young (1024K), 1 survivors (1024K)
 Metaspace       used 25681K, committed 25920K, reserved 1073152K
  class space    used 3112K, committed 3200K, reserved 1048576K
}
Event: 39.194 GC heap before
{Heap before GC invocations=119 (full 0):
 garbage-first heap   total 219136K, used 98004K [0x00000000c3800000, 0x0000000100000000)
  region size 1024K, 2 young (2048K), 1 survivors (1024K)
 Metaspace       used 25681K, committed 25920K, reserved 1073152K
  class space    used 3112K, committed 3200K, reserved 1048576K
}
Event: 39.195 GC heap after
{Heap after GC invocations=120 (full 0):
 garbage-first heap   total 219136K, used 62138K [0x00000000c3800000, 0x0000000100000000)
  region size 1024K, 1 young (1024K), 1 survivors (1024K)
 Metaspace       used 25681K, committed 25920K, reserved 1073152K
  class space    used 3112K, committed 3200K, reserved 1048576K
}
Event: 39.281 GC heap before
{Heap before GC invocations=120 (full 0):
 garbage-first heap   total 219136K, used 97978K [0x00000000c3800000, 0x0000000100000000)
  region size 1024K, 2 young (2048K), 1 survivors (1024K)
 Metaspace       used 25681K, committed 25920K, reserved 1073152K
  class space    used 3112K, committed 3200K, reserved 1048576K
}
Event: 39.282 GC heap after
{Heap after GC invocations=121 (full 0):
 garbage-first heap   total 219136K, used 82657K [0x00000000c3800000, 0x0000000100000000)
  region size 1024K, 1 young (1024K), 1 survivors (1024K)
 Metaspace       used 25681K, committed 25920K, reserved 1073152K
  class space    used 3112K, committed 3200K, reserved 1048576K
}
Event: 39.322 GC heap before
{Heap before GC invocations=121 (full 0):
 garbage-first heap   total 219136K, used 98017K [0x00000000c3800000, 0x0000000100000000)
  region size 1024K, 2 young (2048K), 1 survivors (1024K)
 Metaspace       used 25681K, committed 25920K, reserved 1073152K
  class space    used 3112K, committed 3200K, reserved 1048576K
}
Event: 39.323 GC heap after
{Heap after GC invocations=122 (full 0):
 garbage-first heap   total 219136K, used 62145K [0x00000000c3800000, 0x0000000100000000)
  region size 1024K, 1 young (1024K), 1 survivors (1024K)
 Metaspace       used 25681K, committed 25920K, reserved 1073152K
  class space    used 3112K, committed 3200K, reserved 1048576K
}
Event: 39.428 GC heap before
{Heap before GC invocations=122 (full 0):
 garbage-first heap   total 219136K, used 97985K [0x00000000c3800000, 0x0000000100000000)
  region size 1024K, 2 young (2048K), 1 survivors (1024K)
 Metaspace       used 25682K, committed 25920K, reserved 1073152K
  class space    used 3112K, committed 3200K, reserved 1048576K
}
Event: 39.429 GC heap after
{Heap after GC invocations=123 (full 0):
 garbage-first heap   total 219136K, used 82663K [0x00000000c3800000, 0x0000000100000000)
  region size 1024K, 1 young (1024K), 1 survivors (1024K)
 Metaspace       used 25682K, committed 25920K, reserved 1073152K
  class space    used 3112K, committed 3200K, reserved 1048576K
}
Event: 39.539 GC heap before
{Heap before GC invocations=123 (full 0):
 garbage-first heap   total 219136K, used 98023K [0x00000000c3800000, 0x0000000100000000)
  region size 1024K, 2 young (2048K), 1 survivors (1024K)
 Metaspace       used 25684K, committed 25920K, reserved 1073152K
  class space    used 3112K, committed 3200K, reserved 1048576K
}
Event: 39.540 GC heap after
{Heap after GC invocations=124 (full 0):
 garbage-first heap   total 219136K, used 62152K [0x00000000c3800000, 0x0000000100000000)
  region size 1024K, 1 young (1024K), 1 survivors (1024K)
 Metaspace       used 25684K, committed 25920K, reserved 1073152K
  class space    used 3112K, committed 3200K, reserved 1048576K
}
Event: 39.640 GC heap before
{Heap before GC invocations=124 (full 0):
 garbage-first heap   total 219136K, used 97992K [0x00000000c3800000, 0x0000000100000000)
  region size 1024K, 2 young (2048K), 1 survivors (1024K)
 Metaspace       used 25684K, committed 25920K, reserved 1073152K
  class space    used 3112K, committed 3200K, reserved 1048576K
}
Event: 39.641 GC heap after
{Heap after GC invocations=125 (full 0):
 garbage-first heap   total 219136K, used 82670K [0x00000000c3800000, 0x0000000100000000)
  region size 1024K, 1 young (1024K), 1 survivors (1024K)
 Metaspace       used 25684K, committed 25920K, reserved 1073152K
  class space    used 3112K, committed 3200K, reserved 1048576K
}
Event: 40.436 GC heap before
{Heap before GC invocations=125 (full 0):
 garbage-first heap   total 219136K, used 99054K [0x00000000c3800000, 0x0000000100000000)
  region size 1024K, 3 young (3072K), 1 survivors (1024K)
 Metaspace       used 25699K, committed 25920K, reserved 1073152K
  class space    used 3113K, committed 3200K, reserved 1048576K
}
Event: 40.436 GC heap after
{Heap after GC invocations=126 (full 0):
 garbage-first heap   total 219136K, used 62163K [0x00000000c3800000, 0x0000000100000000)
  region size 1024K, 1 young (1024K), 1 survivors (1024K)
 Metaspace       used 25699K, committed 25920K, reserved 1073152K
  class space    used 3113K, committed 3200K, reserved 1048576K
}

