# JRE version: Java(TM) SE Runtime Environment (17.0.1+12) (build 17.0.1+12-LTS-39)
# Java VM: Java HotSpot(TM) 64-Bit Server VM (17.0.1+12-LTS-39, mixed mode, sharing, tiered, compressed oops, compressed class ptrs, g1 gc, windows-amd64)
GC Precious Log:
 CPUs: 4 total, 4 available
 Memory: 3869M
 Large Page Support: Disabled
 NUMA Support: Disabled
 Compressed Oops: Enabled (32-bit)
 Heap Region Size: 1M
 Heap Min Capacity: 8M
 Heap Initial Capacity: 62M
 Heap Max Capacity: 968M
 Pre-touch: Disabled
 Parallel Workers: 4
 Concurrent Workers: 1
 Concurrent Refinement Workers: 4
 Periodic GC: Disabled
Heap:
 garbage-first heap   total 160768K, used 110003K [0x00000000c3800000, 0x0000000100000000)
  region size 1024K, 11 young (11264K), 1 survivors (1024K)
 Metaspace       used 24397K, committed 24640K, reserved 1073152K
  class space    used 2902K, committed 3008K, reserved 1048576K
GC Heap History (20 events):
Event: 20.415 GC heap before
{Heap before GC invocations=95 (full 0):
 garbage-first heap   total 160768K, used 69883K [0x00000000c3800000, 0x0000000100000000)
  region size 1024K, 2 young (2048K), 1 survivors (1024K)
 Metaspace       used 21947K, committed 22208K, reserved 1073152K
  class space    used 2561K, committed 2688K, reserved 1048576K
}
Event: 20.417 GC heap after
{Heap after GC invocations=96 (full 0):
 garbage-first heap   total 160768K, used 54578K [0x00000000c3800000, 0x0000000100000000)
  region size 1024K, 1 young (1024K), 1 survivors (1024K)
 Metaspace       used 21947K, committed 22208K, reserved 1073152K
  class space    used 2561K, committed 2688K, reserved 1048576K
}
Event: 20.613 GC heap before
{Heap before GC invocations=96 (full 0):
 garbage-first heap   total 160768K, used 70962K [0x00000000c3800000, 0x0000000100000000)
  region size 1024K, 3 young (3072K), 1 survivors (1024K)
 Metaspace       used 21953K, committed 22208K, reserved 1073152K
  class space    used 2561K, committed 2688K, reserved 1048576K
}
Event: 20.614 GC heap after
{Heap after GC invocations=97 (full 0):
 garbage-first heap   total 160768K, used 44308K [0x00000000c3800000, 0x0000000100000000)
  region size 1024K, 1 young (1024K), 1 survivors (1024K)
 Metaspace       used 21953K, committed 22208K, reserved 1073152K
  class space    used 2561K, committed 2688K, reserved 1048576K
}
Event: 21.080 GC heap before
{Heap before GC invocations=97 (full 0):
 garbage-first heap   total 160768K, used 71956K [0x00000000c3800000, 0x0000000100000000)
  region size 1024K, 4 young (4096K), 1 survivors (1024K)
 Metaspace       used 21981K, committed 22208K, reserved 1073152K
  class space    used 2561K, committed 2688K, reserved 1048576K
}
Event: 21.081 GC heap after
{Heap after GC invocations=98 (full 0):
 garbage-first heap   total 160768K, used 54578K [0x00000000c3800000, 0x0000000100000000)
  region size 1024K, 1 young (1024K), 1 survivors (1024K)
 Metaspace       used 21981K, committed 22208K, reserved 1073152K
  class space    used 2561K, committed 2688K, reserved 1048576K
}
Event: 21.199 GC heap before
{Heap before GC invocations=98 (full 0):
 garbage-first heap   total 160768K, used 69938K [0x00000000c3800000, 0x0000000100000000)
  region size 1024K, 2 young (2048K), 1 survivors (1024K)
 Metaspace       used 21983K, committed 22208K, reserved 1073152K
  class space    used 2561K, committed 2688K, reserved 1048576K
}
Event: 21.200 GC heap after
{Heap after GC invocations=99 (full 0):
 garbage-first heap   total 160768K, used 44302K [0x00000000c3800000, 0x0000000100000000)
  region size 1024K, 1 young (1024K), 1 survivors (1024K)
 Metaspace       used 21983K, committed 22208K, reserved 1073152K
  class space    used 2561K, committed 2688K, reserved 1048576K
}
Event: 21.477 GC heap before
{Heap before GC invocations=99 (full 0):
 garbage-first heap   total 160768K, used 69902K [0x00000000c3800000, 0x0000000100000000)
  region size 1024K, 2 young (2048K), 1 survivors (1024K)
 Metaspace       used 21983K, committed 22208K, reserved 1073152K
  class space    used 2561K, committed 2688K, reserved 1048576K
}
Event: 21.478 GC heap after
{Heap after GC invocations=100 (full 0):
 garbage-first heap   total 160768K, used 54562K [0x00000000c3800000, 0x0000000100000000)
  region size 1024K, 1 young (1024K), 1 survivors (1024K)
 Metaspace       used 21983K, committed 22208K, reserved 1073152K
  class space    used 2561K, committed 2688K, reserved 1048576K
}
Event: 21.666 GC heap before
{Heap before GC invocations=100 (full 0):
 garbage-first heap   total 160768K, used 69922K [0x00000000c3800000, 0x0000000100000000)
  region size 1024K, 2 young (2048K), 1 survivors (1024K)
 Metaspace       used 21983K, committed 22208K, reserved 1073152K
  class space    used 2561K, committed 2688K, reserved 1048576K
}
Event: 21.667 GC heap after
{Heap after GC invocations=101 (full 0):
 garbage-first heap   total 160768K, used 44310K [0x00000000c3800000, 0x0000000100000000)
  region size 1024K, 1 young (1024K), 1 survivors (1024K)
 Metaspace       used 21983K, committed 22208K, reserved 1073152K
  class space    used 2561K, committed 2688K, reserved 1048576K
}
Event: 21.996 GC heap before
{Heap before GC invocations=101 (full 0):
 garbage-first heap   total 160768K, used 70934K [0x00000000c3800000, 0x0000000100000000)
  region size 1024K, 3 young (3072K), 1 survivors (1024K)
 Metaspace       used 21983K, committed 22208K, reserved 1073152K
  class space    used 2561K, committed 2688K, reserved 1048576K
}
Event: 21.997 GC heap after
{Heap after GC invocations=102 (full 0):
 garbage-first heap   total 160768K, used 54601K [0x00000000c3800000, 0x0000000100000000)
  region size 1024K, 1 young (1024K), 1 survivors (1024K)
 Metaspace       used 21983K, committed 22208K, reserved 1073152K
  class space    used 2561K, committed 2688K, reserved 1048576K
}
Event: 22.199 GC heap before
{Heap before GC invocations=102 (full 0):
 garbage-first heap   total 160768K, used 69961K [0x00000000c3800000, 0x0000000100000000)
  region size 1024K, 2 young (2048K), 1 survivors (1024K)
 Metaspace       used 21983K, committed 22208K, reserved 1073152K
  class space    used 2561K, committed 2688K, reserved 1048576K
}
Event: 22.200 GC heap after
{Heap after GC invocations=103 (full 0):
 garbage-first heap   total 160768K, used 44325K [0x00000000c3800000, 0x0000000100000000)
  region size 1024K, 1 young (1024K), 1 survivors (1024K)
 Metaspace       used 21983K, committed 22208K, reserved 1073152K
  class space    used 2561K, committed 2688K, reserved 1048576K
}
Event: 22.572 GC heap before
{Heap before GC invocations=103 (full 0):
 garbage-first heap   total 160768K, used 72997K [0x00000000c3800000, 0x0000000100000000)
  region size 1024K, 5 young (5120K), 1 survivors (1024K)
 Metaspace       used 22229K, committed 22464K, reserved 1073152K
  class space    used 2601K, committed 2752K, reserved 1048576K
}
Event: 22.573 GC heap after
{Heap after GC invocations=104 (full 0):
 garbage-first heap   total 160768K, used 54660K [0x00000000c3800000, 0x0000000100000000)
  region size 1024K, 1 young (1024K), 1 survivors (1024K)
 Metaspace       used 22229K, committed 22464K, reserved 1073152K
  class space    used 2601K, committed 2752K, reserved 1048576K
}
Event: 22.702 GC heap before
{Heap before GC invocations=104 (full 0):
 garbage-first heap   total 160768K, used 71044K [0x00000000c3800000, 0x0000000100000000)
  region size 1024K, 3 young (3072K), 1 survivors (1024K)
 Metaspace       used 22476K, committed 22656K, reserved 1073152K
  class space    used 2640K, committed 2752K, reserved 1048576K
}
Event: 22.705 GC heap after
{Heap after GC invocations=105 (full 0):
 garbage-first heap   total 160768K, used 44467K [0x00000000c3800000, 0x0000000100000000)
  region size 1024K, 1 young (1024K), 1 survivors (1024K)
 Metaspace       used 22476K, committed 22656K, reserved 1073152K
  class space    used 2640K, committed 2752K, reserved 1048576K
}

