# JRE version: Java(TM) SE Runtime Environment (17.0.1+12) (build 17.0.1+12-LTS-39)
# Java VM: Java HotSpot(TM) 64-Bit Server VM (17.0.1+12-LTS-39, mixed mode, sharing, tiered, compressed oops, compressed class ptrs, g1 gc, windows-amd64)
GC Precious Log:
 CPUs: 4 total, 4 available
 Memory: 3869M
 Large Page Support: Disabled
 NUMA Support: Disabled
 Compressed Oops: Enabled (32-bit)
 Heap Region Size: 1M
 Heap Min Capacity: 8M
 Heap Initial Capacity: 62M
 Heap Max Capacity: 968M
 Pre-touch: Disabled
 Parallel Workers: 4
 Concurrent Workers: 1
 Concurrent Refinement Workers: 4
 Periodic GC: Disabled
Heap:
 garbage-first heap   total 220160K, used 97222K [0x00000000c3800000, 0x0000000100000000)
  region size 1024K, 7 young (7168K), 1 survivors (1024K)
 Metaspace       used 25657K, committed 25920K, reserved 1073152K
  class space    used 3105K, committed 3200K, reserved 1048576K
GC Heap History (20 events):
Event: 23.843 GC heap before
{Heap before GC invocations=95 (full 0):
 garbage-first heap   total 220160K, used 96714K [0x00000000c3800000, 0x0000000100000000)
  region size 1024K, 2 young (2048K), 1 survivors (1024K)
 Metaspace       used 23768K, committed 24064K, reserved 1073152K
  class space    used 2845K, committed 3008K, reserved 1048576K
}
Event: 23.844 GC heap after
{Heap after GC invocations=96 (full 0):
 garbage-first heap   total 220160K, used 71118K [0x00000000c3800000, 0x0000000100000000)
  region size 1024K, 1 young (1024K), 1 survivors (1024K)
 Metaspace       used 23768K, committed 24064K, reserved 1073152K
  class space    used 2845K, committed 3008K, reserved 1048576K
}
Event: 24.172 GC heap before
{Heap before GC invocations=96 (full 0):
 garbage-first heap   total 220160K, used 96718K [0x00000000c3800000, 0x0000000100000000)
  region size 1024K, 2 young (2048K), 1 survivors (1024K)
 Metaspace       used 23769K, committed 24064K, reserved 1073152K
  class space    used 2845K, committed 3008K, reserved 1048576K
}
Event: 24.175 GC heap after
{Heap after GC invocations=97 (full 0):
 garbage-first heap   total 220160K, used 71123K [0x00000000c3800000, 0x0000000100000000)
  region size 1024K, 1 young (1024K), 1 survivors (1024K)
 Metaspace       used 23769K, committed 24064K, reserved 1073152K
  class space    used 2845K, committed 3008K, reserved 1048576K
}
Event: 24.490 GC heap before
{Heap before GC invocations=97 (full 0):
 garbage-first heap   total 220160K, used 96723K [0x00000000c3800000, 0x0000000100000000)
  region size 1024K, 2 young (2048K), 1 survivors (1024K)
 Metaspace       used 23769K, committed 24064K, reserved 1073152K
  class space    used 2845K, committed 3008K, reserved 1048576K
}
Event: 24.494 GC heap after
{Heap after GC invocations=98 (full 0):
 garbage-first heap   total 220160K, used 71123K [0x00000000c3800000, 0x0000000100000000)
  region size 1024K, 1 young (1024K), 1 survivors (1024K)
 Metaspace       used 23769K, committed 24064K, reserved 1073152K
  class space    used 2845K, committed 3008K, reserved 1048576K
}
Event: 24.833 GC heap before
{Heap before GC invocations=98 (full 0):
 garbage-first heap   total 220160K, used 96723K [0x00000000c3800000, 0x0000000100000000)
  region size 1024K, 2 young (2048K), 1 survivors (1024K)
 Metaspace       used 23769K, committed 24064K, reserved 1073152K
  class space    used 2845K, committed 3008K, reserved 1048576K
}
Event: 24.836 GC heap after
{Heap after GC invocations=99 (full 0):
 garbage-first heap   total 220160K, used 71128K [0x00000000c3800000, 0x0000000100000000)
  region size 1024K, 1 young (1024K), 1 survivors (1024K)
 Metaspace       used 23769K, committed 24064K, reserved 1073152K
  class space    used 2845K, committed 3008K, reserved 1048576K
}
Event: 25.170 GC heap before
{Heap before GC invocations=99 (full 0):
 garbage-first heap   total 220160K, used 96728K [0x00000000c3800000, 0x0000000100000000)
  region size 1024K, 2 young (2048K), 1 survivors (1024K)
 Metaspace       used 23769K, committed 24064K, reserved 1073152K
  class space    used 2845K, committed 3008K, reserved 1048576K
}
Event: 25.172 GC heap after
{Heap after GC invocations=100 (full 0):
 garbage-first heap   total 220160K, used 71130K [0x00000000c3800000, 0x0000000100000000)
  region size 1024K, 1 young (1024K), 1 survivors (1024K)
 Metaspace       used 23769K, committed 24064K, reserved 1073152K
  class space    used 2845K, committed 3008K, reserved 1048576K
}
Event: 25.484 GC heap before
{Heap before GC invocations=100 (full 0):
 garbage-first heap   total 220160K, used 96730K [0x00000000c3800000, 0x0000000100000000)
  region size 1024K, 2 young (2048K), 1 survivors (1024K)
 Metaspace       used 23769K, committed 24064K, reserved 1073152K
  class space    used 2845K, committed 3008K, reserved 1048576K
}
Event: 25.486 GC heap after
{Heap after GC invocations=101 (full 0):
 garbage-first heap   total 220160K, used 71133K [0x00000000c3800000, 0x0000000100000000)
  region size 1024K, 1 young (1024K), 1 survivors (1024K)
 Metaspace       used 23769K, committed 24064K, reserved 1073152K
  class space    used 2845K, committed 3008K, reserved 1048576K
}
Event: 25.813 GC heap before
{Heap before GC invocations=101 (full 0):
 garbage-first heap   total 220160K, used 96733K [0x00000000c3800000, 0x0000000100000000)
  region size 1024K, 2 young (2048K), 1 survivors (1024K)
 Metaspace       used 23769K, committed 24064K, reserved 1073152K
  class space    used 2845K, committed 3008K, reserved 1048576K
}
Event: 25.814 GC heap after
{Heap after GC invocations=102 (full 0):
 garbage-first heap   total 220160K, used 71135K [0x00000000c3800000, 0x0000000100000000)
  region size 1024K, 1 young (1024K), 1 survivors (1024K)
 Metaspace       used 23769K, committed 24064K, reserved 1073152K
  class space    used 2845K, committed 3008K, reserved 1048576K
}
Event: 26.140 GC heap before
{Heap before GC invocations=102 (full 0):
 garbage-first heap   total 220160K, used 97759K [0x00000000c3800000, 0x0000000100000000)
  region size 1024K, 3 young (3072K), 1 survivors (1024K)
 Metaspace       used 23854K, committed 24128K, reserved 1073152K
  class space    used 2861K, committed 3008K, reserved 1048576K
}
Event: 26.141 GC heap after
{Heap after GC invocations=103 (full 0):
 garbage-first heap   total 220160K, used 71164K [0x00000000c3800000, 0x0000000100000000)
  region size 1024K, 1 young (1024K), 1 survivors (1024K)
 Metaspace       used 23854K, committed 24128K, reserved 1073152K
  class space    used 2861K, committed 3008K, reserved 1048576K
}
Event: 26.471 GC heap before
{Heap before GC invocations=103 (full 0):
 garbage-first heap   total 220160K, used 99836K [0x00000000c3800000, 0x0000000100000000)
  region size 1024K, 5 young (5120K), 1 survivors (1024K)
 Metaspace       used 24513K, committed 24832K, reserved 1073152K
  class space    used 2960K, committed 3136K, reserved 1048576K
}
Event: 26.472 GC heap after
{Heap after GC invocations=104 (full 0):
 garbage-first heap   total 220160K, used 71277K [0x00000000c3800000, 0x0000000100000000)
  region size 1024K, 1 young (1024K), 1 survivors (1024K)
 Metaspace       used 24513K, committed 24832K, reserved 1073152K
  class space    used 2960K, committed 3136K, reserved 1048576K
}
Event: 26.801 GC heap before
{Heap before GC invocations=104 (full 0):
 garbage-first heap   total 220160K, used 97901K [0x00000000c3800000, 0x0000000100000000)
  region size 1024K, 3 young (3072K), 1 survivors (1024K)
 Metaspace       used 24894K, committed 25152K, reserved 1073152K
  class space    used 3010K, committed 3136K, reserved 1048576K
}
Event: 26.803 GC heap after
{Heap after GC invocations=105 (full 0):
 garbage-first heap   total 220160K, used 71622K [0x00000000c3800000, 0x0000000100000000)
  region size 1024K, 1 young (1024K), 1 survivors (1024K)
 Metaspace       used 24894K, committed 25152K, reserved 1073152K
  class space    used 3010K, committed 3136K, reserved 1048576K
}

