# JRE version: Java(TM) SE Runtime Environment (17.0.1+12) (build 17.0.1+12-LTS-39)
# Java VM: Java HotSpot(TM) 64-Bit Server VM (17.0.1+12-LTS-39, mixed mode, sharing, tiered, compressed oops, compressed class ptrs, g1 gc, windows-amd64)
GC Precious Log:
 CPUs: 4 total, 4 available
 Memory: 3869M
 Large Page Support: Disabled
 NUMA Support: Disabled
 Compressed Oops: Enabled (32-bit)
 Heap Region Size: 1M
 Heap Min Capacity: 8M
 Heap Initial Capacity: 62M
 Heap Max Capacity: 968M
 Pre-touch: Disabled
 Parallel Workers: 4
 Concurrent Workers: 1
 Concurrent Refinement Workers: 4
 Periodic GC: Disabled
Heap:
 garbage-first heap   total 326656K, used 120634K [0x00000000c3800000, 0x0000000100000000)
  region size 1024K, 6 young (6144K), 1 survivors (1024K)
 Metaspace       used 34678K, committed 34944K, reserved 1081344K
  class space    used 4140K, committed 4288K, reserved 1048576K
GC Heap History (20 events):
Event: 55.614 GC heap before
{Heap before GC invocations=53 (full 0):
 garbage-first heap   total 326656K, used 147793K [0x00000000c3800000, 0x0000000100000000)
  region size 1024K, 6 young (6144K), 1 survivors (1024K)
 Metaspace       used 34513K, committed 34816K, reserved 1081344K
  class space    used 4131K, committed 4288K, reserved 1048576K
}
Event: 55.616 GC heap after
{Heap after GC invocations=54 (full 0):
 garbage-first heap   total 326656K, used 113448K [0x00000000c3800000, 0x0000000100000000)
  region size 1024K, 1 young (1024K), 1 survivors (1024K)
 Metaspace       used 34513K, committed 34816K, reserved 1081344K
  class space    used 4131K, committed 4288K, reserved 1048576K
}
Event: 56.021 GC heap before
{Heap before GC invocations=54 (full 0):
 garbage-first heap   total 326656K, used 145192K [0x00000000c3800000, 0x0000000100000000)
  region size 1024K, 3 young (3072K), 1 survivors (1024K)
 Metaspace       used 34529K, committed 34816K, reserved 1081344K
  class space    used 4133K, committed 4288K, reserved 1048576K
}
Event: 56.022 GC heap after
{Heap after GC invocations=55 (full 0):
 garbage-first heap   total 326656K, used 98107K [0x00000000c3800000, 0x0000000100000000)
  region size 1024K, 1 young (1024K), 1 survivors (1024K)
 Metaspace       used 34529K, committed 34816K, reserved 1081344K
  class space    used 4133K, committed 4288K, reserved 1048576K
}
Event: 56.618 GC heap before
{Heap before GC invocations=55 (full 0):
 garbage-first heap   total 326656K, used 145211K [0x00000000c3800000, 0x0000000100000000)
  region size 1024K, 3 young (3072K), 1 survivors (1024K)
 Metaspace       used 34529K, committed 34816K, reserved 1081344K
  class space    used 4133K, committed 4288K, reserved 1048576K
}
Event: 56.621 GC heap after
{Heap after GC invocations=56 (full 0):
 garbage-first heap   total 326656K, used 113471K [0x00000000c3800000, 0x0000000100000000)
  region size 1024K, 1 young (1024K), 1 survivors (1024K)
 Metaspace       used 34529K, committed 34816K, reserved 1081344K
  class space    used 4133K, committed 4288K, reserved 1048576K
}
Event: 57.009 GC heap before
{Heap before GC invocations=56 (full 0):
 garbage-first heap   total 326656K, used 145215K [0x00000000c3800000, 0x0000000100000000)
  region size 1024K, 3 young (3072K), 1 survivors (1024K)
 Metaspace       used 34535K, committed 34816K, reserved 1081344K
  class space    used 4133K, committed 4288K, reserved 1048576K
}
Event: 57.011 GC heap after
{Heap after GC invocations=57 (full 0):
 garbage-first heap   total 326656K, used 98114K [0x00000000c3800000, 0x0000000100000000)
  region size 1024K, 1 young (1024K), 1 survivors (1024K)
 Metaspace       used 34535K, committed 34816K, reserved 1081344K
  class space    used 4133K, committed 4288K, reserved 1048576K
}
Event: 57.603 GC heap before
{Heap before GC invocations=57 (full 0):
 garbage-first heap   total 326656K, used 145218K [0x00000000c3800000, 0x0000000100000000)
  region size 1024K, 3 young (3072K), 1 survivors (1024K)
 Metaspace       used 34597K, committed 34944K, reserved 1081344K
  class space    used 4133K, committed 4288K, reserved 1048576K
}
Event: 57.605 GC heap after
{Heap after GC invocations=58 (full 0):
 garbage-first heap   total 326656K, used 113483K [0x00000000c3800000, 0x0000000100000000)
  region size 1024K, 1 young (1024K), 1 survivors (1024K)
 Metaspace       used 34597K, committed 34944K, reserved 1081344K
  class space    used 4133K, committed 4288K, reserved 1048576K
}
Event: 57.994 GC heap before
{Heap before GC invocations=58 (full 0):
 garbage-first heap   total 326656K, used 145227K [0x00000000c3800000, 0x0000000100000000)
  region size 1024K, 3 young (3072K), 1 survivors (1024K)
 Metaspace       used 34599K, committed 34944K, reserved 1081344K
  class space    used 4133K, committed 4288K, reserved 1048576K
}
Event: 57.996 GC heap after
{Heap after GC invocations=59 (full 0):
 garbage-first heap   total 326656K, used 98108K [0x00000000c3800000, 0x0000000100000000)
  region size 1024K, 1 young (1024K), 1 survivors (1024K)
 Metaspace       used 34599K, committed 34944K, reserved 1081344K
  class space    used 4133K, committed 4288K, reserved 1048576K
}
Event: 58.598 GC heap before
{Heap before GC invocations=59 (full 0):
 garbage-first heap   total 326656K, used 144188K [0x00000000c3800000, 0x0000000100000000)
  region size 1024K, 2 young (2048K), 1 survivors (1024K)
 Metaspace       used 34599K, committed 34944K, reserved 1081344K
  class space    used 4133K, committed 4288K, reserved 1048576K
}
Event: 58.600 GC heap after
{Heap after GC invocations=60 (full 0):
 garbage-first heap   total 326656K, used 113486K [0x00000000c3800000, 0x0000000100000000)
  region size 1024K, 1 young (1024K), 1 survivors (1024K)
 Metaspace       used 34599K, committed 34944K, reserved 1081344K
  class space    used 4133K, committed 4288K, reserved 1048576K
}
Event: 58.986 GC heap before
{Heap before GC invocations=60 (full 0):
 garbage-first heap   total 326656K, used 145230K [0x00000000c3800000, 0x0000000100000000)
  region size 1024K, 3 young (3072K), 1 survivors (1024K)
 Metaspace       used 34599K, committed 34944K, reserved 1081344K
  class space    used 4133K, committed 4288K, reserved 1048576K
}
Event: 58.987 GC heap after
{Heap after GC invocations=61 (full 0):
 garbage-first heap   total 326656K, used 98109K [0x00000000c3800000, 0x0000000100000000)
  region size 1024K, 1 young (1024K), 1 survivors (1024K)
 Metaspace       used 34599K, committed 34944K, reserved 1081344K
  class space    used 4133K, committed 4288K, reserved 1048576K
}
Event: 59.579 GC heap before
{Heap before GC invocations=61 (full 0):
 garbage-first heap   total 326656K, used 147261K [0x00000000c3800000, 0x0000000100000000)
  region size 1024K, 4 young (4096K), 1 survivors (1024K)
 Metaspace       used 34607K, committed 34944K, reserved 1081344K
  class space    used 4133K, committed 4288K, reserved 1048576K
}
Event: 59.581 GC heap after
{Heap after GC invocations=62 (full 0):
 garbage-first heap   total 326656K, used 114516K [0x00000000c3800000, 0x0000000100000000)
  region size 1024K, 1 young (1024K), 1 survivors (1024K)
 Metaspace       used 34607K, committed 34944K, reserved 1081344K
  class space    used 4133K, committed 4288K, reserved 1048576K
}
Event: 59.926 GC heap before
{Heap before GC invocations=62 (full 0):
 garbage-first heap   total 326656K, used 145236K [0x00000000c3800000, 0x0000000100000000)
  region size 1024K, 5 young (5120K), 1 survivors (1024K)
 Metaspace       used 34617K, committed 34944K, reserved 1081344K
  class space    used 4135K, committed 4288K, reserved 1048576K
}
Event: 59.927 GC heap after
{Heap after GC invocations=63 (full 0):
 garbage-first heap   total 326656K, used 96058K [0x00000000c3800000, 0x0000000100000000)
  region size 1024K, 1 young (1024K), 1 survivors (1024K)
 Metaspace       used 34617K, committed 34944K, reserved 1081344K
  class space    used 4135K, committed 4288K, reserved 1048576K
}

