# JRE version: Java(TM) SE Runtime Environment (17.0.1+12) (build 17.0.1+12-LTS-39)
# Java VM: Java HotSpot(TM) 64-Bit Server VM (17.0.1+12-LTS-39, mixed mode, sharing, tiered, compressed oops, compressed class ptrs, g1 gc, windows-amd64)
GC Precious Log:
 CPUs: 4 total, 4 available
 Memory: 3869M
 Large Page Support: Disabled
 NUMA Support: Disabled
 Compressed Oops: Enabled (32-bit)
 Heap Region Size: 1M
 Heap Min Capacity: 8M
 Heap Initial Capacity: 62M
 Heap Max Capacity: 968M
 Pre-touch: Disabled
 Parallel Workers: 4
 Concurrent Workers: 1
 Concurrent Refinement Workers: 4
 Periodic GC: Disabled
Heap:
 garbage-first heap   total 189440K, used 77999K [0x00000000c3800000, 0x0000000100000000)
  region size 1024K, 3 young (3072K), 1 survivors (1024K)
 Metaspace       used 25520K, committed 25728K, reserved 1073152K
  class space    used 3107K, committed 3200K, reserved 1048576K
GC Heap History (20 events):
Event: 6.924 GC heap before
{Heap before GC invocations=40 (full 0):
 garbage-first heap   total 189440K, used 88533K [0x00000000c3800000, 0x0000000100000000)
  region size 1024K, 4 young (4096K), 1 survivors (1024K)
 Metaspace       used 23613K, committed 23872K, reserved 1073152K
  class space    used 2846K, committed 3008K, reserved 1048576K
}
Event: 6.926 GC heap after
{Heap after GC invocations=41 (full 0):
 garbage-first heap   total 189440K, used 65898K [0x00000000c3800000, 0x0000000100000000)
  region size 1024K, 1 young (1024K), 1 survivors (1024K)
 Metaspace       used 23613K, committed 23872K, reserved 1073152K
  class space    used 2846K, committed 3008K, reserved 1048576K
}
Event: 7.129 GC heap before
{Heap before GC invocations=41 (full 0):
 garbage-first heap   total 189440K, used 86378K [0x00000000c3800000, 0x0000000100000000)
  region size 1024K, 2 young (2048K), 1 survivors (1024K)
 Metaspace       used 23624K, committed 23936K, reserved 1073152K
  class space    used 2846K, committed 3008K, reserved 1048576K
}
Event: 7.133 GC heap after
{Heap after GC invocations=42 (full 0):
 garbage-first heap   total 189440K, used 65892K [0x00000000c3800000, 0x0000000100000000)
  region size 1024K, 1 young (1024K), 1 survivors (1024K)
 Metaspace       used 23624K, committed 23936K, reserved 1073152K
  class space    used 2846K, committed 3008K, reserved 1048576K
}
Event: 7.377 GC heap before
{Heap before GC invocations=42 (full 0):
 garbage-first heap   total 189440K, used 86372K [0x00000000c3800000, 0x0000000100000000)
  region size 1024K, 2 young (2048K), 1 survivors (1024K)
 Metaspace       used 23624K, committed 23936K, reserved 1073152K
  class space    used 2846K, committed 3008K, reserved 1048576K
}
Event: 7.378 GC heap after
{Heap after GC invocations=43 (full 0):
 garbage-first heap   total 189440K, used 65901K [0x00000000c3800000, 0x0000000100000000)
  region size 1024K, 1 young (1024K), 1 survivors (1024K)
 Metaspace       used 23624K, committed 23936K, reserved 1073152K
  class space    used 2846K, committed 3008K, reserved 1048576K
}
Event: 7.644 GC heap before
{Heap before GC invocations=43 (full 0):
 garbage-first heap   total 189440K, used 92525K [0x00000000c3800000, 0x0000000100000000)
  region size 1024K, 8 young (8192K), 1 survivors (1024K)
 Metaspace       used 24820K, committed 25024K, reserved 1073152K
  class space    used 3024K, committed 3136K, reserved 1048576K
}
Event: 7.647 GC heap after
{Heap after GC invocations=44 (full 0):
 garbage-first heap   total 189440K, used 66439K [0x00000000c3800000, 0x0000000100000000)
  region size 1024K, 1 young (1024K), 1 survivors (1024K)
 Metaspace       used 24820K, committed 25024K, reserved 1073152K
  class space    used 3024K, committed 3136K, reserved 1048576K
}
Event: 7.859 GC heap before
{Heap before GC invocations=44 (full 0):
 garbage-first heap   total 189440K, used 85895K [0x00000000c3800000, 0x0000000100000000)
  region size 1024K, 6 young (6144K), 1 survivors (1024K)
 Metaspace       used 25414K, committed 25600K, reserved 1073152K
  class space    used 3099K, committed 3200K, reserved 1048576K
}
Event: 7.861 GC heap after
{Heap after GC invocations=45 (full 0):
 garbage-first heap   total 189440K, used 61777K [0x00000000c3800000, 0x0000000100000000)
  region size 1024K, 1 young (1024K), 1 survivors (1024K)
 Metaspace       used 25414K, committed 25600K, reserved 1073152K
  class space    used 3099K, committed 3200K, reserved 1048576K
}
Event: 14.445 GC heap before
{Heap before GC invocations=46 (full 0):
 garbage-first heap   total 189440K, used 181585K [0x00000000c3800000, 0x0000000100000000)
  region size 1024K, 4 young (4096K), 1 survivors (1024K)
 Metaspace       used 25513K, committed 25728K, reserved 1073152K
  class space    used 3107K, committed 3200K, reserved 1048576K
}
Event: 14.447 GC heap after
{Heap after GC invocations=47 (full 0):
 garbage-first heap   total 189440K, used 164391K [0x00000000c3800000, 0x0000000100000000)
  region size 1024K, 2 young (2048K), 2 survivors (2048K)
 Metaspace       used 25513K, committed 25728K, reserved 1073152K
  class space    used 3107K, committed 3200K, reserved 1048576K
}
Event: 14.502 GC heap before
{Heap before GC invocations=47 (full 0):
 garbage-first heap   total 189440K, used 179751K [0x00000000c3800000, 0x0000000100000000)
  region size 1024K, 3 young (3072K), 2 survivors (2048K)
 Metaspace       used 25516K, committed 25728K, reserved 1073152K
  class space    used 3107K, committed 3200K, reserved 1048576K
}
Event: 14.507 GC heap after
{Heap after GC invocations=48 (full 0):
 garbage-first heap   total 189440K, used 61650K [0x00000000c3800000, 0x0000000100000000)
  region size 1024K, 1 young (1024K), 1 survivors (1024K)
 Metaspace       used 25516K, committed 25728K, reserved 1073152K
  class space    used 3107K, committed 3200K, reserved 1048576K
}
Event: 14.618 GC heap before
{Heap before GC invocations=48 (full 0):
 garbage-first heap   total 189440K, used 82130K [0x00000000c3800000, 0x0000000100000000)
  region size 1024K, 2 young (2048K), 1 survivors (1024K)
 Metaspace       used 25518K, committed 25728K, reserved 1073152K
  class space    used 3107K, committed 3200K, reserved 1048576K
}
Event: 14.620 GC heap after
{Heap after GC invocations=49 (full 0):
 garbage-first heap   total 189440K, used 66779K [0x00000000c3800000, 0x0000000100000000)
  region size 1024K, 1 young (1024K), 1 survivors (1024K)
 Metaspace       used 25518K, committed 25728K, reserved 1073152K
  class space    used 3107K, committed 3200K, reserved 1048576K
}
Event: 14.687 GC heap before
{Heap before GC invocations=49 (full 0):
 garbage-first heap   total 189440K, used 82139K [0x00000000c3800000, 0x0000000100000000)
  region size 1024K, 2 young (2048K), 1 survivors (1024K)
 Metaspace       used 25518K, committed 25728K, reserved 1073152K
  class space    used 3107K, committed 3200K, reserved 1048576K
}
Event: 14.689 GC heap after
{Heap after GC invocations=50 (full 0):
 garbage-first heap   total 189440K, used 61641K [0x00000000c3800000, 0x0000000100000000)
  region size 1024K, 1 young (1024K), 1 survivors (1024K)
 Metaspace       used 25518K, committed 25728K, reserved 1073152K
  class space    used 3107K, committed 3200K, reserved 1048576K
}
Event: 14.778 GC heap before
{Heap before GC invocations=50 (full 0):
 garbage-first heap   total 189440K, used 83145K [0x00000000c3800000, 0x0000000100000000)
  region size 1024K, 3 young (3072K), 1 survivors (1024K)
 Metaspace       used 25520K, committed 25728K, reserved 1073152K
  class space    used 3107K, committed 3200K, reserved 1048576K
}
Event: 14.795 GC heap after
{Heap after GC invocations=51 (full 0):
 garbage-first heap   total 189440K, used 66735K [0x00000000c3800000, 0x0000000100000000)
  region size 1024K, 1 young (1024K), 1 survivors (1024K)
 Metaspace       used 25520K, committed 25728K, reserved 1073152K
  class space    used 3107K, committed 3200K, reserved 1048576K
}

