# JRE version: Java(TM) SE Runtime Environment (17.0.1+12) (build 17.0.1+12-LTS-39)
# Java VM: Java HotSpot(TM) 64-Bit Server VM (17.0.1+12-LTS-39, mixed mode, sharing, tiered, compressed oops, compressed class ptrs, g1 gc, windows-amd64)
GC Precious Log:
 CPUs: 4 total, 4 available
 Memory: 3869M
 Large Page Support: Disabled
 NUMA Support: Disabled
 Compressed Oops: Enabled (32-bit)
 Heap Region Size: 1M
 Heap Min Capacity: 8M
 Heap Initial Capacity: 62M
 Heap Max Capacity: 968M
 Pre-touch: Disabled
 Parallel Workers: 4
 Concurrent Workers: 1
 Concurrent Refinement Workers: 4
 Periodic GC: Disabled
Heap:
 garbage-first heap   total 119808K, used 33777K [0x00000000c3800000, 0x0000000100000000)
  region size 1024K, 3 young (3072K), 3 survivors (3072K)
 Metaspace       used 22290K, committed 22528K, reserved 1073152K
  class space    used 2605K, committed 2752K, reserved 1048576K
GC Heap History (20 events):
Event: 2.441 GC heap after
{Heap after GC invocations=6 (full 0):
 garbage-first heap   total 63488K, used 51737K [0x00000000c3800000, 0x0000000100000000)
  region size 1024K, 1 young (1024K), 1 survivors (1024K)
 Metaspace       used 14543K, committed 14720K, reserved 1064960K
  class space    used 1700K, committed 1792K, reserved 1048576K
}
Event: 2.593 GC heap before
{Heap before GC invocations=6 (full 0):
 garbage-first heap   total 73728K, used 68121K [0x00000000c3800000, 0x0000000100000000)
  region size 1024K, 3 young (3072K), 1 survivors (1024K)
 Metaspace       used 15343K, committed 15616K, reserved 1064960K
  class space    used 1806K, committed 1920K, reserved 1048576K
}
Event: 2.597 GC heap after
{Heap after GC invocations=7 (full 0):
 garbage-first heap   total 73728K, used 41577K [0x00000000c3800000, 0x0000000100000000)
  region size 1024K, 1 young (1024K), 1 survivors (1024K)
 Metaspace       used 15343K, committed 15616K, reserved 1064960K
  class space    used 1806K, committed 1920K, reserved 1048576K
}
Event: 2.604 GC heap before
{Heap before GC invocations=7 (full 0):
 garbage-first heap   total 73728K, used 41577K [0x00000000c3800000, 0x0000000100000000)
  region size 1024K, 2 young (2048K), 1 survivors (1024K)
 Metaspace       used 15352K, committed 15616K, reserved 1064960K
  class space    used 1807K, committed 1920K, reserved 1048576K
}
Event: 2.606 GC heap after
{Heap after GC invocations=8 (full 0):
 garbage-first heap   total 73728K, used 26218K [0x00000000c3800000, 0x0000000100000000)
  region size 1024K, 1 young (1024K), 1 survivors (1024K)
 Metaspace       used 15352K, committed 15616K, reserved 1064960K
  class space    used 1807K, committed 1920K, reserved 1048576K
}
Event: 2.718 GC heap before
{Heap before GC invocations=8 (full 0):
 garbage-first heap   total 73728K, used 33386K [0x00000000c3800000, 0x0000000100000000)
  region size 1024K, 4 young (4096K), 1 survivors (1024K)
 Metaspace       used 16398K, committed 16640K, reserved 1064960K
  class space    used 1921K, committed 2048K, reserved 1048576K
}
Event: 2.721 GC heap after
{Heap after GC invocations=9 (full 0):
 garbage-first heap   total 119808K, used 31807K [0x00000000c3800000, 0x0000000100000000)
  region size 1024K, 2 young (2048K), 2 survivors (2048K)
 Metaspace       used 16398K, committed 16640K, reserved 1064960K
  class space    used 1921K, committed 2048K, reserved 1048576K
}
Event: 2.997 GC heap before
{Heap before GC invocations=9 (full 0):
 garbage-first heap   total 119808K, used 56383K [0x00000000c3800000, 0x0000000100000000)
  region size 1024K, 7 young (7168K), 2 survivors (2048K)
 Metaspace       used 17521K, committed 17792K, reserved 1064960K
  class space    used 2031K, committed 2176K, reserved 1048576K
}
Event: 3.001 GC heap after
{Heap after GC invocations=10 (full 0):
 garbage-first heap   total 119808K, used 47960K [0x00000000c3800000, 0x0000000100000000)
  region size 1024K, 2 young (2048K), 2 survivors (2048K)
 Metaspace       used 17521K, committed 17792K, reserved 1064960K
  class space    used 2031K, committed 2176K, reserved 1048576K
}
Event: 3.048 GC heap before
{Heap before GC invocations=10 (full 0):
 garbage-first heap   total 119808K, used 54104K [0x00000000c3800000, 0x0000000100000000)
  region size 1024K, 4 young (4096K), 2 survivors (2048K)
 Metaspace       used 17800K, committed 18048K, reserved 1064960K
  class space    used 2055K, committed 2176K, reserved 1048576K
}
Event: 3.051 GC heap after
{Heap after GC invocations=11 (full 0):
 garbage-first heap   total 119808K, used 32753K [0x00000000c3800000, 0x0000000100000000)
  region size 1024K, 2 young (2048K), 2 survivors (2048K)
 Metaspace       used 17800K, committed 18048K, reserved 1064960K
  class space    used 2055K, committed 2176K, reserved 1048576K
}
Event: 3.250 GC heap before
{Heap before GC invocations=11 (full 0):
 garbage-first heap   total 119808K, used 55281K [0x00000000c3800000, 0x0000000100000000)
  region size 1024K, 5 young (5120K), 2 survivors (2048K)
 Metaspace       used 19150K, committed 19328K, reserved 1073152K
  class space    used 2221K, committed 2304K, reserved 1048576K
}
Event: 3.253 GC heap after
{Heap after GC invocations=12 (full 0):
 garbage-first heap   total 119808K, used 48370K [0x00000000c3800000, 0x0000000100000000)
  region size 1024K, 3 young (3072K), 3 survivors (3072K)
 Metaspace       used 19150K, committed 19328K, reserved 1073152K
  class space    used 2221K, committed 2304K, reserved 1048576K
}
Event: 3.294 GC heap before
{Heap before GC invocations=12 (full 0):
 garbage-first heap   total 119808K, used 53490K [0x00000000c3800000, 0x0000000100000000)
  region size 1024K, 4 young (4096K), 3 survivors (3072K)
 Metaspace       used 19432K, committed 19648K, reserved 1073152K
  class space    used 2258K, committed 2368K, reserved 1048576K
}
Event: 3.297 GC heap after
{Heap after GC invocations=13 (full 0):
 garbage-first heap   total 119808K, used 32956K [0x00000000c3800000, 0x0000000100000000)
  region size 1024K, 3 young (3072K), 3 survivors (3072K)
 Metaspace       used 19432K, committed 19648K, reserved 1073152K
  class space    used 2258K, committed 2368K, reserved 1048576K
}
Event: 3.503 GC heap before
{Heap before GC invocations=13 (full 0):
 garbage-first heap   total 119808K, used 58556K [0x00000000c3800000, 0x0000000100000000)
  region size 1024K, 9 young (9216K), 3 survivors (3072K)
 Metaspace       used 20750K, committed 20992K, reserved 1073152K
  class space    used 2414K, committed 2560K, reserved 1048576K
}
Event: 3.507 GC heap after
{Heap after GC invocations=14 (full 0):
 garbage-first heap   total 119808K, used 48823K [0x00000000c3800000, 0x0000000100000000)
  region size 1024K, 3 young (3072K), 3 survivors (3072K)
 Metaspace       used 20750K, committed 20992K, reserved 1073152K
  class space    used 2414K, committed 2560K, reserved 1048576K
}
Event: 3.548 GC heap before
{Heap before GC invocations=14 (full 0):
 garbage-first heap   total 119808K, used 54967K [0x00000000c3800000, 0x0000000100000000)
  region size 1024K, 5 young (5120K), 3 survivors (3072K)
 Metaspace       used 20936K, committed 21184K, reserved 1073152K
  class space    used 2440K, committed 2560K, reserved 1048576K
}
Event: 3.551 GC heap after
{Heap after GC invocations=15 (full 0):
 garbage-first heap   total 119808K, used 33597K [0x00000000c3800000, 0x0000000100000000)
  region size 1024K, 3 young (3072K), 3 survivors (3072K)
 Metaspace       used 20936K, committed 21184K, reserved 1073152K
  class space    used 2440K, committed 2560K, reserved 1048576K
}
Event: 4.342 GC heap before
{Heap before GC invocations=15 (full 0):
 garbage-first heap   total 119808K, used 49981K [0x00000000c3800000, 0x0000000100000000)
  region size 1024K, 10 young (10240K), 3 survivors (3072K)
 Metaspace       used 22290K, committed 22528K, reserved 1073152K
  class space    used 2605K, committed 2752K, reserved 1048576K
}

