# JRE version: Java(TM) SE Runtime Environment (17.0.1+12) (build 17.0.1+12-LTS-39)
# Java VM: Java HotSpot(TM) 64-Bit Server VM (17.0.1+12-LTS-39, mixed mode, sharing, tiered, compressed oops, compressed class ptrs, g1 gc, windows-amd64)
GC Precious Log:
 CPUs: 4 total, 4 available
 Memory: 3869M
 Large Page Support: Disabled
 NUMA Support: Disabled
 Compressed Oops: Enabled (32-bit)
 Heap Region Size: 1M
 Heap Min Capacity: 8M
 Heap Initial Capacity: 62M
 Heap Max Capacity: 968M
 Pre-touch: Disabled
 Parallel Workers: 4
 Concurrent Workers: 1
 Concurrent Refinement Workers: 4
 Periodic GC: Disabled
Heap:
 garbage-first heap   total 560128K, used 549579K [0x00000000c3800000, 0x0000000100000000)
  region size 1024K, 11 young (11264K), 1 survivors (1024K)
 Metaspace       used 35777K, committed 36096K, reserved 1081344K
  class space    used 4182K, committed 4352K, reserved 1048576K
GC Heap History (20 events):
Event: 293.759 GC heap before
{Heap before GC invocations=3202 (full 0):
 garbage-first heap   total 411648K, used 182934K [0x00000000c3800000, 0x0000000100000000)
  region size 1024K, 2 young (2048K), 1 survivors (1024K)
 Metaspace       used 35746K, committed 36096K, reserved 1081344K
  class space    used 4182K, committed 4352K, reserved 1048576K
}
Event: 293.760 GC heap after
{Heap after GC invocations=3203 (full 0):
 garbage-first heap   total 411648K, used 177815K [0x00000000c3800000, 0x0000000100000000)
  region size 1024K, 1 young (1024K), 1 survivors (1024K)
 Metaspace       used 35746K, committed 36096K, reserved 1081344K
  class space    used 4182K, committed 4352K, reserved 1048576K
}
Event: 293.821 GC heap before
{Heap before GC invocations=3203 (full 0):
 garbage-first heap   total 411648K, used 182935K [0x00000000c3800000, 0x0000000100000000)
  region size 1024K, 2 young (2048K), 1 survivors (1024K)
 Metaspace       used 35746K, committed 36096K, reserved 1081344K
  class space    used 4182K, committed 4352K, reserved 1048576K
}
Event: 293.823 GC heap after
{Heap after GC invocations=3204 (full 0):
 garbage-first heap   total 411648K, used 177819K [0x00000000c3800000, 0x0000000100000000)
  region size 1024K, 1 young (1024K), 1 survivors (1024K)
 Metaspace       used 35746K, committed 36096K, reserved 1081344K
  class space    used 4182K, committed 4352K, reserved 1048576K
}
Event: 293.898 GC heap before
{Heap before GC invocations=3204 (full 0):
 garbage-first heap   total 411648K, used 182939K [0x00000000c3800000, 0x0000000100000000)
  region size 1024K, 2 young (2048K), 1 survivors (1024K)
 Metaspace       used 35746K, committed 36096K, reserved 1081344K
  class space    used 4182K, committed 4352K, reserved 1048576K
}
Event: 293.899 GC heap after
{Heap after GC invocations=3205 (full 0):
 garbage-first heap   total 411648K, used 177821K [0x00000000c3800000, 0x0000000100000000)
  region size 1024K, 1 young (1024K), 1 survivors (1024K)
 Metaspace       used 35746K, committed 36096K, reserved 1081344K
  class space    used 4182K, committed 4352K, reserved 1048576K
}
Event: 293.953 GC heap before
{Heap before GC invocations=3205 (full 0):
 garbage-first heap   total 411648K, used 182941K [0x00000000c3800000, 0x0000000100000000)
  region size 1024K, 2 young (2048K), 1 survivors (1024K)
 Metaspace       used 35746K, committed 36096K, reserved 1081344K
  class space    used 4182K, committed 4352K, reserved 1048576K
}
Event: 293.954 GC heap after
{Heap after GC invocations=3206 (full 0):
 garbage-first heap   total 411648K, used 177828K [0x00000000c3800000, 0x0000000100000000)
  region size 1024K, 1 young (1024K), 1 survivors (1024K)
 Metaspace       used 35746K, committed 36096K, reserved 1081344K
  class space    used 4182K, committed 4352K, reserved 1048576K
}
Event: 294.025 GC heap before
{Heap before GC invocations=3206 (full 0):
 garbage-first heap   total 411648K, used 183972K [0x00000000c3800000, 0x0000000100000000)
  region size 1024K, 3 young (3072K), 1 survivors (1024K)
 Metaspace       used 35746K, committed 36096K, reserved 1081344K
  class space    used 4182K, committed 4352K, reserved 1048576K
}
Event: 294.027 GC heap after
{Heap after GC invocations=3207 (full 0):
 garbage-first heap   total 411648K, used 177840K [0x00000000c3800000, 0x0000000100000000)
  region size 1024K, 1 young (1024K), 1 survivors (1024K)
 Metaspace       used 35746K, committed 36096K, reserved 1081344K
  class space    used 4182K, committed 4352K, reserved 1048576K
}
Event: 294.108 GC heap before
{Heap before GC invocations=3207 (full 0):
 garbage-first heap   total 411648K, used 182960K [0x00000000c3800000, 0x0000000100000000)
  region size 1024K, 2 young (2048K), 1 survivors (1024K)
 Metaspace       used 35746K, committed 36096K, reserved 1081344K
  class space    used 4182K, committed 4352K, reserved 1048576K
}
Event: 294.109 GC heap after
{Heap after GC invocations=3208 (full 0):
 garbage-first heap   total 411648K, used 177841K [0x00000000c3800000, 0x0000000100000000)
  region size 1024K, 1 young (1024K), 1 survivors (1024K)
 Metaspace       used 35746K, committed 36096K, reserved 1081344K
  class space    used 4182K, committed 4352K, reserved 1048576K
}
Event: 294.166 GC heap before
{Heap before GC invocations=3208 (full 0):
 garbage-first heap   total 411648K, used 183985K [0x00000000c3800000, 0x0000000100000000)
  region size 1024K, 3 young (3072K), 1 survivors (1024K)
 Metaspace       used 35746K, committed 36096K, reserved 1081344K
  class space    used 4182K, committed 4352K, reserved 1048576K
}
Event: 294.167 GC heap after
{Heap after GC invocations=3209 (full 0):
 garbage-first heap   total 411648K, used 177843K [0x00000000c3800000, 0x0000000100000000)
  region size 1024K, 1 young (1024K), 1 survivors (1024K)
 Metaspace       used 35746K, committed 36096K, reserved 1081344K
  class space    used 4182K, committed 4352K, reserved 1048576K
}
Event: 294.225 GC heap before
{Heap before GC invocations=3209 (full 0):
 garbage-first heap   total 411648K, used 185011K [0x00000000c3800000, 0x0000000100000000)
  region size 1024K, 4 young (4096K), 1 survivors (1024K)
 Metaspace       used 35758K, committed 36096K, reserved 1081344K
  class space    used 4182K, committed 4352K, reserved 1048576K
}
Event: 294.226 GC heap after
{Heap after GC invocations=3210 (full 0):
 garbage-first heap   total 411648K, used 177858K [0x00000000c3800000, 0x0000000100000000)
  region size 1024K, 1 young (1024K), 1 survivors (1024K)
 Metaspace       used 35758K, committed 36096K, reserved 1081344K
  class space    used 4182K, committed 4352K, reserved 1048576K
}
Event: 294.230 GC heap before
{Heap before GC invocations=3210 (full 0):
 garbage-first heap   total 411648K, used 179906K [0x00000000c3800000, 0x0000000100000000)
  region size 1024K, 2 young (2048K), 1 survivors (1024K)
 Metaspace       used 35758K, committed 36096K, reserved 1081344K
  class space    used 4182K, committed 4352K, reserved 1048576K
}
Event: 294.231 GC heap after
{Heap after GC invocations=3211 (full 0):
 garbage-first heap   total 411648K, used 173760K [0x00000000c3800000, 0x0000000100000000)
  region size 1024K, 1 young (1024K), 1 survivors (1024K)
 Metaspace       used 35758K, committed 36096K, reserved 1081344K
  class space    used 4182K, committed 4352K, reserved 1048576K
}
Event: 294.350 GC heap before
{Heap before GC invocations=3211 (full 0):
 garbage-first heap   total 411648K, used 185024K [0x00000000c3800000, 0x0000000100000000)
  region size 1024K, 3 young (3072K), 1 survivors (1024K)
 Metaspace       used 35758K, committed 36096K, reserved 1081344K
  class space    used 4182K, committed 4352K, reserved 1048576K
}
Event: 294.351 GC heap after
{Heap after GC invocations=3212 (full 0):
 garbage-first heap   total 411648K, used 184011K [0x00000000c3800000, 0x0000000100000000)
  region size 1024K, 1 young (1024K), 1 survivors (1024K)
 Metaspace       used 35758K, committed 36096K, reserved 1081344K
  class space    used 4182K, committed 4352K, reserved 1048576K
}

