<?xml version="1.0" encoding="UTF-8"?>
<!-- Generated by org.testng.reporters.JUnitXMLReporter -->
<testsuite ignored="0" hostname="DESKTOP-HN6Q64C" failures="0" tests="5" name="Test" time="94.455" errors="0" timestamp="2022-03-04T10:15:05 EET">
  <testcase classname="nopcommercePackage.nopcommerceClass" name="Add_to_Cart_with_all_data" time="3.617"/>
  <testcase classname="nopcommercePackage.nopcommerceClass" name="NotAdd_to_Cart_without_FirstField" time="5.823"/>
  <testcase classname="nopcommercePackage.nopcommerceClass" name="NotAdd_to_Cart_without_SecondField" time="6.45"/>
  <testcase classname="nopcommercePackage.nopcommerceClass" name="NotAdd_to_Cart_without_ThirdField" time="5.032"/>
  <testcase classname="nopcommercePackage.nopcommerceClass" name="NotAdd_to_Cart_without_FourthField" time="5.01"/>
</testsuite> <!-- Test -->
